Progress: resolved 1, reused 0, downloaded 0, added 0
 WARN  deprecated @types/react-native@0.73.0: This is a stub types definition. react-native provides its own type definitions, so you do not need this installed.
Progress: resolved 159, reused 0, downloaded 0, added 0
Progress: resolved 409, reused 0, downloaded 0, added 0
Progress: resolved 716, reused 0, downloaded 0, added 0
Progress: resolved 983, reused 0, downloaded 0, added 0
Progress: resolved 1222, reused 0, downloaded 0, added 0
 WARN  17 deprecated subdependencies found: @babel/plugin-proposal-async-generator-functions@7.20.7, @babel/plugin-proposal-class-properties@7.18.6, @babel/plugin-proposal-logical-assignment-operators@7.20.7, @babel/plugin-proposal-nullish-coalescing-operator@7.18.6, @babel/plugin-proposal-numeric-separator@7.18.6, @babel/plugin-proposal-object-rest-spread@7.20.7, @babel/plugin-proposal-optional-catch-binding@7.18.6, @babel/plugin-proposal-optional-chaining@7.21.0, @xmldom/xmldom@0.7.13, glob@7.1.6, glob@7.2.3, inflight@1.0.6, osenv@0.1.5, querystring@0.2.1, rimraf@2.6.3, rimraf@3.0.2, sudo-prompt@9.2.1
 WARN  Issues with peer dependencies found
.
└─┬ react-native-web 0.19.13
  └── ✕ unmet peer react-dom@^18.0.0: found 19.0.0-rc-fb9a90fa48-20240614

Packages: +1311
++++++++++++++++++++++++++++++++++++++++++++++++++++++++++++++++++++++++++++++++
Progress: resolved 1223, reused 1207, downloaded 0, added 36
Progress: resolved 1223, reused 1207, downloaded 0, added 229
Progress: resolved 1223, reused 1207, downloaded 0, added 655
Progress: resolved 1223, reused 1207, downloaded 0, added 1311
Progress: resolved 1223, reused 1207, downloaded 0, added 1311, done
Done in 9.3s using pnpm v10.9.0
